<?xml version="1.0" encoding="UTF-8"?>
<testsuite name="Login with registered user and correct password" tests="17" skipped="0" failures="0" errors="0" timestamp="2022-11-28T10:16:35" hostname="AP00218-MP" time="47.561">
  <properties/>
  <testcase name="User is on landing page" classname="Login with registered user and correct password" time="11.135"/>
  <testcase name="User click menu login" classname="Login with registered user and correct password" time="1.468"/>
  <testcase name="User input username as &quot;angga.pangestika@gmail.com&quot;" classname="Login with registered user and correct password" time="1.333"/>
  <testcase name="User input password as &quot;Passw0rd!&quot;" classname="Login with registered user and correct password" time="1.122"/>
  <testcase name="User click button masuk" classname="Login with registered user and correct password" time="0.702"/>
  <testcase name="User is on homepage" classname="Login with registered user and correct password" time="3.454"/>
  <testcase name="User input search as &quot;casio&quot;" classname="Login with registered user and correct password" time="1.578"/>
  <testcase name="User click loup icon" classname="Login with registered user and correct password" time="0.432"/>
  <testcase name="User click product" classname="Login with registered user and correct password" time="4.756"/>
  <testcase name="User click Beli Sekarang" classname="Login with registered user and correct password" time="2.613"/>
  <testcase name="User click Lanjutkan" classname="Login with registered user and correct password" time="2.787"/>
  <testcase name="User Pilih Pengiriman" classname="Login with registered user and correct password" time="7.098"/>
  <testcase name="User click Pembayaran" classname="Login with registered user and correct password" time="0.077"/>
  <testcase name="User choose VA BCA" classname="Login with registered user and correct password" time="3.629"/>
  <testcase name="User click Order" classname="Login with registered user and correct password" time="1.168"/>
  <testcase name="User get bill payment information &quot;Rp257.000&quot;" classname="Login with registered user and correct password" time="4.056"/>
  <testcase name="classMethod" classname="Login with registered user and correct password" time="53.632"/>
  <system-out><![CDATA[
@Web @Positive @TechTest
Scenario: Login with registered user and correct password ?[90m# src/test/resources/features/stockbit/Jamtangan.feature:5?[0m
]]></system-out>
  <system-err><![CDATA[Starting ChromeDriver 107.0.5304.62 (1eec40d3a5764881c92085aaee66d25075c159aa-refs/branch-heads/5304@{#942}) on port 16176
Only local connections are allowed.
Please see https://chromedriver.chromium.org/security-considerations for suggestions on keeping ChromeDriver safe.
ChromeDriver was started successfully.
Nov 28, 2022 5:16:35 PM org.openqa.selenium.remote.ProtocolHandshake createSession
INFO: Detected dialect: W3C
]]></system-err>
</testsuite>
